<?xml version="1.0" encoding="UTF-8"?>
<!-- Generated by org.testng.reporters.JUnitReportReporter -->
<testsuite skipped="0" hostname="怎么那么肥" name="com.crazy.webdriver.Testcase.Zhuce163mail" tests="1" failures="0" timestamp="31 八月 2018 15:23:03 GMT" time="19.916" errors="0">
  <testcase name="zhuce163" time="19.916" classname="com.crazy.webdriver.Testcase.Zhuce163mail"/>
</testsuite> <!-- com.crazy.webdriver.Testcase.Zhuce163mail -->
